TN:
SF:gatsby-node.js
FN:8,(anonymous_0)
FN:16,(anonymous_1)
FN:31,(anonymous_2)
FN:64,(anonymous_3)
FN:66,(anonymous_4)
FN:97,(anonymous_5)
FN:107,(anonymous_6)
FN:188,(anonymous_7)
FN:280,(anonymous_8)
FN:414,(anonymous_9)
FN:532,(anonymous_10)
FN:560,(anonymous_11)
FN:585,(anonymous_12)
FNF:13
FNH:1
FNDA:0,(anonymous_0)
FNDA:0,(anonymous_1)
FNDA:0,(anonymous_2)
FNDA:0,(anonymous_3)
FNDA:0,(anonymous_4)
FNDA:0,(anonymous_5)
FNDA:0,(anonymous_6)
FNDA:0,(anonymous_7)
FNDA:0,(anonymous_8)
FNDA:0,(anonymous_9)
FNDA:0,(anonymous_10)
FNDA:0,(anonymous_11)
FNDA:1,(anonymous_12)
DA:1,1
DA:2,1
DA:3,1
DA:4,1
DA:5,1
DA:8,1
DA:9,0
DA:11,0
DA:12,0
DA:15,0
DA:16,0
DA:17,0
DA:18,0
DA:26,0
DA:27,0
DA:29,0
DA:31,0
DA:32,0
DA:34,0
DA:35,0
DA:36,0
DA:38,0
DA:41,0
DA:42,0
DA:44,0
DA:46,0
DA:47,0
DA:50,0
DA:55,0
DA:64,0
DA:65,0
DA:66,0
DA:67,0
DA:68,0
DA:70,0
DA:71,0
DA:72,0
DA:74,0
DA:77,0
DA:83,0
DA:88,0
DA:93,0
DA:97,1
DA:98,0
DA:107,1
DA:108,0
DA:109,0
DA:112,0
DA:113,0
DA:115,0
DA:117,0
DA:120,0
DA:121,0
DA:123,0
DA:124,0
DA:125,0
DA:129,0
DA:130,0
DA:131,0
DA:134,0
DA:135,0
DA:136,0
DA:137,0
DA:138,0
DA:139,0
DA:140,0
DA:141,0
DA:144,0
DA:147,0
DA:148,0
DA:149,0
DA:152,0
DA:153,0
DA:157,0
DA:158,0
DA:160,0
DA:161,0
DA:164,0
DA:165,0
DA:168,0
DA:173,0
DA:175,0
DA:183,0
DA:184,0
DA:188,1
DA:192,0
DA:202,0
DA:205,0
DA:206,0
DA:207,0
DA:210,0
DA:211,0
DA:217,0
DA:218,0
DA:220,0
DA:223,0
DA:229,0
DA:234,0
DA:235,0
DA:236,0
DA:237,0
DA:239,0
DA:240,0
DA:242,0
DA:245,0
DA:246,0
DA:248,0
DA:250,0
DA:251,0
DA:252,0
DA:253,0
DA:254,0
DA:255,0
DA:258,0
DA:259,0
DA:262,0
DA:263,0
DA:267,0
DA:268,0
DA:269,0
DA:270,0
DA:271,0
DA:274,0
DA:275,0
DA:278,0
DA:279,0
DA:280,0
DA:283,0
DA:284,0
DA:286,0
DA:287,0
DA:290,0
DA:295,0
DA:298,0
DA:299,0
DA:300,0
DA:301,0
DA:302,0
DA:305,0
DA:306,0
DA:309,0
DA:314,0
DA:315,0
DA:316,0
DA:319,0
DA:320,0
DA:327,0
DA:328,0
DA:331,0
DA:332,0
DA:334,0
DA:336,0
DA:337,0
DA:339,0
DA:340,0
DA:341,0
DA:342,0
DA:348,0
DA:350,0
DA:351,0
DA:356,0
DA:359,0
DA:362,0
DA:364,0
DA:384,0
DA:390,0
DA:395,0
DA:396,0
DA:399,0
DA:402,0
DA:403,0
DA:404,0
DA:405,0
DA:408,0
DA:409,0
DA:412,0
DA:413,0
DA:414,0
DA:417,0
DA:418,0
DA:420,0
DA:421,0
DA:424,0
DA:429,0
DA:432,0
DA:433,0
DA:434,0
DA:435,0
DA:436,0
DA:439,0
DA:440,0
DA:443,0
DA:448,0
DA:449,0
DA:450,0
DA:453,0
DA:454,0
DA:461,0
DA:462,0
DA:465,0
DA:466,0
DA:468,0
DA:470,0
DA:471,0
DA:473,0
DA:474,0
DA:475,0
DA:476,0
DA:482,0
DA:484,0
DA:485,0
DA:490,0
DA:493,0
DA:496,0
DA:498,0
DA:519,0
DA:523,0
DA:524,0
DA:529,0
DA:530,0
DA:532,0
DA:533,0
DA:545,0
DA:551,0
DA:552,0
DA:557,0
DA:558,0
DA:560,0
DA:561,0
DA:573,0
DA:580,0
DA:581,0
DA:585,1
DA:586,1
DA:588,1
DA:646,1
LF:236
LH:13
BRDA:9,0,0,0
BRDA:9,0,1,0
BRDA:9,1,0,0
BRDA:9,1,1,0
BRDA:12,2,0,0
BRDA:12,2,1,0
BRDA:17,3,0,0
BRDA:17,3,1,0
BRDA:19,4,0,0
BRDA:19,4,1,0
BRDA:19,4,2,0
BRDA:20,5,0,0
BRDA:20,5,1,0
BRDA:20,5,2,0
BRDA:34,6,0,0
BRDA:34,6,1,0
BRDA:70,7,0,0
BRDA:70,7,1,0
BRDA:113,8,0,0
BRDA:113,8,1,0
BRDA:123,9,0,0
BRDA:123,9,1,0
BRDA:130,10,0,0
BRDA:130,10,1,0
BRDA:134,11,0,0
BRDA:134,11,1,0
BRDA:135,12,0,0
BRDA:135,12,1,0
BRDA:136,13,0,0
BRDA:136,13,1,0
BRDA:137,14,0,0
BRDA:137,14,1,0
BRDA:138,15,0,0
BRDA:138,15,1,0
BRDA:139,16,0,0
BRDA:139,16,1,0
BRDA:140,17,0,0
BRDA:140,17,1,0
BRDA:141,18,0,0
BRDA:141,18,1,0
BRDA:144,19,0,0
BRDA:144,19,1,0
BRDA:152,20,0,0
BRDA:152,20,1,0
BRDA:160,21,0,0
BRDA:160,21,1,0
BRDA:168,22,0,0
BRDA:168,22,1,0
BRDA:168,22,2,0
BRDA:168,22,3,0
BRDA:168,22,4,0
BRDA:168,22,5,0
BRDA:168,22,6,0
BRDA:168,22,7,0
BRDA:168,22,8,0
BRDA:168,22,9,0
BRDA:168,22,10,0
BRDA:168,22,11,0
BRDA:197,23,0,0
BRDA:200,24,0,0
BRDA:201,25,0,0
BRDA:205,26,0,0
BRDA:205,26,1,0
BRDA:206,27,0,0
BRDA:206,27,1,0
BRDA:206,28,0,0
BRDA:206,28,1,0
BRDA:210,29,0,0
BRDA:210,29,1,0
BRDA:210,30,0,0
BRDA:210,30,1,0
BRDA:210,30,2,0
BRDA:217,31,0,0
BRDA:217,31,1,0
BRDA:236,32,0,0
BRDA:236,32,1,0
BRDA:240,33,0,0
BRDA:240,33,1,0
BRDA:250,34,0,0
BRDA:250,34,1,0
BRDA:259,35,0,0
BRDA:259,35,1,0
BRDA:262,36,0,0
BRDA:262,36,1,0
BRDA:267,37,0,0
BRDA:267,37,1,0
BRDA:269,38,0,0
BRDA:269,38,1,0
BRDA:274,39,0,0
BRDA:274,39,1,0
BRDA:274,40,0,0
BRDA:274,40,1,0
BRDA:275,41,0,0
BRDA:275,41,1,0
BRDA:284,42,0,0
BRDA:284,42,1,0
BRDA:286,43,0,0
BRDA:286,43,1,0
BRDA:298,44,0,0
BRDA:298,44,1,0
BRDA:298,45,0,0
BRDA:298,45,1,0
BRDA:301,46,0,0
BRDA:301,46,1,0
BRDA:315,47,0,0
BRDA:315,47,1,0
BRDA:328,48,0,0
BRDA:328,48,1,0
BRDA:332,49,0,0
BRDA:332,49,1,0
BRDA:336,50,0,0
BRDA:336,50,1,0
BRDA:341,51,0,0
BRDA:341,51,1,0
BRDA:350,52,0,0
BRDA:350,52,1,0
BRDA:356,53,0,0
BRDA:356,53,1,0
BRDA:359,54,0,0
BRDA:359,54,1,0
BRDA:367,55,0,0
BRDA:367,55,1,0
BRDA:367,55,2,0
BRDA:371,56,0,0
BRDA:371,56,1,0
BRDA:371,56,2,0
BRDA:373,57,0,0
BRDA:373,57,1,0
BRDA:373,58,0,0
BRDA:373,58,1,0
BRDA:373,59,0,0
BRDA:373,59,1,0
BRDA:373,60,0,0
BRDA:373,60,1,0
BRDA:373,61,0,0
BRDA:373,61,1,0
BRDA:374,62,0,0
BRDA:374,62,1,0
BRDA:374,63,0,0
BRDA:374,63,1,0
BRDA:374,64,0,0
BRDA:374,64,1,0
BRDA:374,65,0,0
BRDA:374,65,1,0
BRDA:374,66,0,0
BRDA:374,66,1,0
BRDA:395,67,0,0
BRDA:395,67,1,0
BRDA:403,68,0,0
BRDA:403,68,1,0
BRDA:408,69,0,0
BRDA:408,69,1,0
BRDA:408,70,0,0
BRDA:408,70,1,0
BRDA:409,71,0,0
BRDA:409,71,1,0
BRDA:418,72,0,0
BRDA:418,72,1,0
BRDA:420,73,0,0
BRDA:420,73,1,0
BRDA:432,74,0,0
BRDA:432,74,1,0
BRDA:432,75,0,0
BRDA:432,75,1,0
BRDA:435,76,0,0
BRDA:435,76,1,0
BRDA:449,77,0,0
BRDA:449,77,1,0
BRDA:462,78,0,0
BRDA:462,78,1,0
BRDA:466,79,0,0
BRDA:466,79,1,0
BRDA:470,80,0,0
BRDA:470,80,1,0
BRDA:475,81,0,0
BRDA:475,81,1,0
BRDA:484,82,0,0
BRDA:484,82,1,0
BRDA:493,83,0,0
BRDA:493,83,1,0
BRDA:501,84,0,0
BRDA:501,84,1,0
BRDA:501,84,2,0
BRDA:505,85,0,0
BRDA:505,85,1,0
BRDA:505,85,2,0
BRDA:507,86,0,0
BRDA:507,86,1,0
BRDA:507,87,0,0
BRDA:507,87,1,0
BRDA:507,88,0,0
BRDA:507,88,1,0
BRDA:507,89,0,0
BRDA:507,89,1,0
BRDA:507,90,0,0
BRDA:507,90,1,0
BRDA:508,91,0,0
BRDA:508,91,1,0
BRDA:508,92,0,0
BRDA:508,92,1,0
BRDA:508,93,0,0
BRDA:508,93,1,0
BRDA:508,94,0,0
BRDA:508,94,1,0
BRDA:508,95,0,0
BRDA:508,95,1,0
BRDA:523,96,0,0
BRDA:523,96,1,0
BRDA:529,97,0,0
BRDA:529,97,1,0
BRDA:551,98,0,0
BRDA:551,98,1,0
BRDA:557,99,0,0
BRDA:557,99,1,0
BRF:214
BRH:0
end_of_record
