TN:
SF:gatsby-node.js
FN:24,(anonymous_0)
FN:26,(anonymous_1)
FN:35,(anonymous_2)
FN:50,(anonymous_3)
FN:69,(anonymous_4)
FN:72,(anonymous_5)
FN:98,(anonymous_6)
FN:159,(anonymous_7)
FN:184,(anonymous_8)
FN:205,(anonymous_9)
FN:233,(anonymous_10)
FN:287,(anonymous_11)
FN:314,(anonymous_12)
FN:321,(anonymous_13)
FN:325,(anonymous_14)
FN:333,(anonymous_15)
FN:334,(anonymous_16)
FN:350,(anonymous_17)
FN:363,(anonymous_18)
FN:368,(anonymous_19)
FN:404,(anonymous_20)
FN:406,(anonymous_21)
FN:421,(anonymous_22)
FN:422,(anonymous_23)
FN:425,(anonymous_24)
FN:430,(anonymous_25)
FN:458,(anonymous_26)
FN:484,(anonymous_27)
FN:503,(anonymous_28)
FN:532,(anonymous_29)
FN:536,(anonymous_30)
FN:561,(anonymous_31)
FNF:32
FNH:1
FNDA:0,(anonymous_0)
FNDA:0,(anonymous_1)
FNDA:0,(anonymous_2)
FNDA:0,(anonymous_3)
FNDA:0,(anonymous_4)
FNDA:0,(anonymous_5)
FNDA:0,(anonymous_6)
FNDA:0,(anonymous_7)
FNDA:0,(anonymous_8)
FNDA:0,(anonymous_9)
FNDA:0,(anonymous_10)
FNDA:0,(anonymous_11)
FNDA:0,(anonymous_12)
FNDA:0,(anonymous_13)
FNDA:0,(anonymous_14)
FNDA:0,(anonymous_15)
FNDA:0,(anonymous_16)
FNDA:0,(anonymous_17)
FNDA:0,(anonymous_18)
FNDA:0,(anonymous_19)
FNDA:0,(anonymous_20)
FNDA:0,(anonymous_21)
FNDA:0,(anonymous_22)
FNDA:0,(anonymous_23)
FNDA:0,(anonymous_24)
FNDA:0,(anonymous_25)
FNDA:0,(anonymous_26)
FNDA:0,(anonymous_27)
FNDA:0,(anonymous_28)
FNDA:0,(anonymous_29)
FNDA:0,(anonymous_30)
FNDA:1,(anonymous_31)
DA:1,1
DA:2,1
DA:3,1
DA:4,1
DA:5,1
DA:6,1
DA:17,1
DA:20,1
DA:21,1
DA:24,1
DA:25,0
DA:26,0
DA:27,0
DA:28,0
DA:31,0
DA:35,1
DA:36,0
DA:37,0
DA:38,0
DA:41,0
DA:42,0
DA:43,0
DA:46,0
DA:48,0
DA:50,0
DA:51,0
DA:52,0
DA:54,0
DA:55,0
DA:58,0
DA:63,0
DA:64,0
DA:69,0
DA:70,0
DA:72,0
DA:73,0
DA:75,0
DA:76,0
DA:77,0
DA:80,0
DA:84,0
DA:89,0
DA:90,0
DA:93,0
DA:98,1
DA:99,0
DA:101,0
DA:102,0
DA:103,0
DA:105,0
DA:108,0
DA:109,0
DA:111,0
DA:113,0
DA:115,0
DA:116,0
DA:118,0
DA:119,0
DA:120,0
DA:122,0
DA:125,0
DA:128,0
DA:129,0
DA:130,0
DA:131,0
DA:139,0
DA:140,0
DA:142,0
DA:143,0
DA:144,0
DA:145,0
DA:150,0
DA:151,0
DA:154,0
DA:159,1
DA:160,0
DA:162,0
DA:184,1
DA:185,0
DA:187,0
DA:188,0
DA:189,0
DA:190,0
DA:194,0
DA:197,0
DA:199,0
DA:200,0
DA:205,1
DA:206,0
DA:208,0
DA:210,0
DA:211,0
DA:212,0
DA:214,0
DA:215,0
DA:216,0
DA:217,0
DA:219,0
DA:222,0
DA:224,0
DA:225,0
DA:229,0
DA:233,1
DA:234,0
DA:235,0
DA:237,0
DA:238,0
DA:239,0
DA:240,0
DA:243,0
DA:244,0
DA:246,0
DA:247,0
DA:248,0
DA:251,0
DA:252,0
DA:253,0
DA:255,0
DA:256,0
DA:257,0
DA:260,0
DA:261,0
DA:262,0
DA:263,0
DA:265,0
DA:267,0
DA:268,0
DA:270,0
DA:271,0
DA:272,0
DA:274,0
DA:282,0
DA:283,0
DA:287,1
DA:291,0
DA:297,0
DA:300,0
DA:303,0
DA:306,0
DA:312,0
DA:315,0
DA:316,0
DA:317,0
DA:319,0
DA:321,0
DA:322,0
DA:323,0
DA:325,0
DA:327,0
DA:328,0
DA:330,0
DA:332,0
DA:333,0
DA:334,0
DA:338,0
DA:342,0
DA:346,0
DA:349,0
DA:350,0
DA:354,0
DA:355,0
DA:356,0
DA:361,0
DA:363,0
DA:366,0
DA:368,0
DA:371,0
DA:372,0
DA:374,0
DA:375,0
DA:377,0
DA:380,0
DA:381,0
DA:383,0
DA:385,0
DA:386,0
DA:387,0
DA:388,0
DA:389,0
DA:390,0
DA:393,0
DA:394,0
DA:397,0
DA:398,0
DA:402,0
DA:403,0
DA:404,0
DA:405,0
DA:406,0
DA:407,0
DA:414,0
DA:417,0
DA:418,0
DA:421,0
DA:422,0
DA:425,0
DA:426,0
DA:430,0
DA:431,0
DA:432,0
DA:435,0
DA:437,0
DA:441,0
DA:442,0
DA:443,0
DA:445,0
DA:446,0
DA:447,0
DA:448,0
DA:452,0
DA:455,0
DA:458,0
DA:459,0
DA:460,0
DA:463,0
DA:464,0
DA:470,0
DA:475,0
DA:476,0
DA:479,0
DA:482,0
DA:483,0
DA:484,0
DA:485,0
DA:489,0
DA:490,0
DA:494,0
DA:495,0
DA:500,0
DA:501,0
DA:503,0
DA:504,0
DA:516,0
DA:522,0
DA:523,0
DA:528,0
DA:529,0
DA:532,0
DA:533,0
DA:534,0
DA:536,0
DA:537,0
DA:549,0
DA:556,0
DA:557,0
DA:561,1
DA:562,1
DA:563,1
LF:248
LH:20
BRDA:27,0,0,0
BRDA:27,0,1,0
BRDA:28,1,0,0
BRDA:28,1,1,0
BRDA:28,1,2,0
BRDA:36,2,0,0
BRDA:36,2,1,0
BRDA:36,3,0,0
BRDA:36,3,1,0
BRDA:54,4,0,0
BRDA:54,4,1,0
BRDA:75,5,0,0
BRDA:75,5,1,0
BRDA:89,6,0,0
BRDA:89,6,1,0
BRDA:90,7,0,0
BRDA:90,7,1,0
BRDA:99,8,0,0
BRDA:99,8,1,0
BRDA:99,9,0,0
BRDA:99,9,1,0
BRDA:101,10,0,0
BRDA:101,10,1,0
BRDA:109,11,0,0
BRDA:109,11,1,0
BRDA:113,12,0,0
BRDA:113,12,1,0
BRDA:118,13,0,0
BRDA:118,13,1,0
BRDA:118,14,0,0
BRDA:118,14,1,0
BRDA:128,15,0,0
BRDA:128,15,1,0
BRDA:139,16,0,0
BRDA:139,16,1,0
BRDA:144,17,0,0
BRDA:144,17,1,0
BRDA:150,18,0,0
BRDA:150,18,1,0
BRDA:164,19,0,0
BRDA:164,19,1,0
BRDA:164,19,2,0
BRDA:168,20,0,0
BRDA:168,20,1,0
BRDA:168,20,2,0
BRDA:169,21,0,0
BRDA:169,21,1,0
BRDA:169,21,2,0
BRDA:177,22,0,0
BRDA:177,22,1,0
BRDA:177,22,2,0
BRDA:178,23,0,0
BRDA:178,23,1,0
BRDA:178,23,2,0
BRDA:185,24,0,0
BRDA:185,24,1,0
BRDA:187,25,0,0
BRDA:187,25,1,0
BRDA:197,26,0,0
BRDA:197,26,1,0
BRDA:215,27,0,0
BRDA:215,27,1,0
BRDA:238,28,0,0
BRDA:238,28,1,0
BRDA:246,29,0,0
BRDA:246,29,1,0
BRDA:252,30,0,0
BRDA:252,30,1,0
BRDA:255,31,0,0
BRDA:255,31,1,0
BRDA:256,32,0,0
BRDA:256,32,1,0
BRDA:260,33,0,0
BRDA:260,33,1,0
BRDA:270,34,0,0
BRDA:270,34,1,0
BRDA:293,35,0,0
BRDA:295,36,0,0
BRDA:296,37,0,0
BRDA:317,38,0,0
BRDA:317,38,1,0
BRDA:323,39,0,0
BRDA:323,39,1,0
BRDA:330,40,0,0
BRDA:330,40,1,0
BRDA:333,41,0,0
BRDA:333,41,1,0
BRDA:338,42,0,0
BRDA:338,42,1,0
BRDA:349,43,0,0
BRDA:349,43,1,0
BRDA:375,44,0,0
BRDA:375,44,1,0
BRDA:385,45,0,0
BRDA:385,45,1,0
BRDA:394,46,0,0
BRDA:394,46,1,0
BRDA:397,47,0,0
BRDA:397,47,1,0
BRDA:403,48,0,0
BRDA:403,48,1,0
BRDA:405,49,0,0
BRDA:405,49,1,0
BRDA:405,50,0,0
BRDA:405,50,1,0
BRDA:418,51,0,0
BRDA:418,51,1,0
BRDA:426,52,0,0
BRDA:426,52,1,0
BRDA:426,52,2,0
BRDA:431,53,0,0
BRDA:431,53,1,0
BRDA:431,53,2,0
BRDA:441,54,0,0
BRDA:441,54,1,0
BRDA:443,55,0,0
BRDA:443,55,1,0
BRDA:445,56,0,0
BRDA:445,56,1,0
BRDA:455,57,0,0
BRDA:455,57,1,0
BRDA:458,58,0,0
BRDA:458,58,1,0
BRDA:460,59,0,0
BRDA:460,59,1,0
BRDA:475,60,0,0
BRDA:475,60,1,0
BRDA:483,61,0,0
BRDA:483,61,1,0
BRDA:494,62,0,0
BRDA:494,62,1,0
BRDA:500,63,0,0
BRDA:500,63,1,0
BRDA:522,64,0,0
BRDA:522,64,1,0
BRDA:528,65,0,0
BRDA:528,65,1,0
BRF:137
BRH:0
end_of_record
TN:
SF:schema.js
FNF:0
FNH:0
DA:3,1
DA:85,1
LF:2
LH:2
BRF:0
BRH:0
end_of_record
TN:
SF:utils.js
FN:31,(anonymous_0)
FN:42,(anonymous_1)
FN:46,(anonymous_2)
FN:53,(anonymous_3)
FN:60,(anonymous_4)
FN:62,(anonymous_5)
FN:77,(anonymous_6)
FN:85,(anonymous_7)
FN:100,(anonymous_8)
FNF:9
FNH:8
FNDA:5,(anonymous_0)
FNDA:5,(anonymous_1)
FNDA:5,(anonymous_2)
FNDA:0,(anonymous_3)
FNDA:3,(anonymous_4)
FNDA:1,(anonymous_5)
FNDA:7,(anonymous_6)
FNDA:4,(anonymous_7)
FNDA:3,(anonymous_8)
DA:2,1
DA:3,1
DA:4,1
DA:7,1
DA:8,1
DA:13,1
DA:23,1
DA:31,1
DA:32,5
DA:42,1
DA:43,5
DA:46,1
DA:47,5
DA:53,1
DA:54,0
DA:55,0
DA:60,1
DA:61,3
DA:62,3
DA:64,3
DA:65,3
DA:67,3
DA:68,3
DA:70,3
DA:77,1
DA:78,7
DA:79,4
DA:81,3
DA:85,1
DA:86,4
DA:88,4
DA:89,2
DA:90,1
DA:93,2
DA:94,1
DA:100,1
DA:101,3
DA:104,3
DA:105,1
DA:107,2
DA:110,3
DA:116,1
LF:42
LH:40
BRDA:43,0,0,5
BRDA:43,0,1,1
BRDA:47,1,0,5
BRDA:47,1,1,1
BRDA:47,1,2,1
BRDA:47,1,3,4
BRDA:47,1,4,1
BRDA:47,1,5,1
BRDA:47,1,6,1
BRDA:47,1,7,3
BRDA:47,1,8,1
BRDA:47,1,9,1
BRDA:47,1,10,2
BRDA:47,1,11,1
BRDA:54,2,0,0
BRDA:54,2,1,0
BRDA:65,3,0,3
BRDA:65,3,1,2
BRDA:68,4,0,3
BRDA:68,4,1,2
BRDA:78,5,0,4
BRDA:78,5,1,3
BRDA:78,6,0,7
BRDA:78,6,1,5
BRDA:79,7,0,4
BRDA:79,7,1,1
BRDA:79,8,0,4
BRDA:79,8,1,2
BRDA:79,9,0,4
BRDA:79,9,1,2
BRDA:81,10,0,3
BRDA:81,10,1,2
BRDA:86,11,0,0
BRDA:88,12,0,2
BRDA:88,12,1,2
BRDA:89,13,0,1
BRDA:89,13,1,1
BRDA:89,14,0,2
BRDA:89,14,1,2
BRDA:93,15,0,1
BRDA:93,15,1,1
BRDA:93,16,0,2
BRDA:93,16,1,2
BRDA:93,16,2,1
BRDA:101,17,0,1
BRDA:104,18,0,1
BRDA:104,18,1,2
BRF:47
BRH:44
end_of_record
